\BOOKMARK [0][-]{dummy.1}{\376\377\000D\000e\000c\000l\000a\000r\000a\000t\000i\000o\000n\000\040\000o\000f\000\040\000A\000u\000t\000h\000o\000r\000s\000h\000i\000p}{}% 1
\BOOKMARK [0][-]{dummy.2}{\376\377\000A\000b\000s\000t\000r\000a\000c\000t}{}% 2
\BOOKMARK [0][-]{dummy.3}{\376\377\000A\000c\000k\000n\000o\000w\000l\000e\000d\000g\000e\000m\000e\000n\000t\000s}{}% 3
\BOOKMARK [0][-]{dummy.5}{\376\377\000L\000i\000s\000t\000\040\000o\000f\000\040\000F\000i\000g\000u\000r\000e\000s}{}% 4
\BOOKMARK [0][-]{dummy.7}{\376\377\000L\000i\000s\000t\000\040\000o\000f\000\040\000T\000a\000b\000l\000e\000s}{}% 5
\BOOKMARK [0][-]{dummy.9}{\376\377\000A\000b\000b\000r\000e\000v\000i\000a\000t\000i\000o\000n\000s}{}% 6
\BOOKMARK [0][-]{dummy.12}{\376\377\000P\000h\000y\000s\000i\000c\000a\000l\000\040\000C\000o\000n\000s\000t\000a\000n\000t\000s}{}% 7
\BOOKMARK [0][-]{dummy.15}{\376\377\000S\000y\000m\000b\000o\000l\000s}{}% 8
\BOOKMARK [0][-]{chapter.18}{\376\377\0001\000\040\000L\000a\000g\000r\000a\000n\000j\000i\000y\000e\000n\000\040\000F\000o\000r\000m\000a\000l\000i\000z\000m\000i}{}% 9
\BOOKMARK [1][-]{section.19}{\376\377\0001\000.\0001\000\040\000K\000l\000a\000s\000i\000k\000\040\000P\000a\000r\000\347\000a\000c\001\061\000k\000\040\000M\000e\000k\000a\000n\000i\001\037\000i\000n\000d\000e\000\040\000L\000a\000g\000r\000a\000n\000j\000i\000y\000e\000n\000\040\001\060\000f\000a\000d\000e\000s\000i}{chapter.18}% 10
\BOOKMARK [1][-]{section.20}{\376\377\0001\000.\0002\000\040\000A\000l\000a\000n\000\040\000K\000u\000r\000a\000m\001\061\000n\000d\000a\000\040\000L\000a\000g\000r\000a\000n\000j\000i\000y\000e\000n\000\040\001\060\000f\000a\000d\000e\000s\000i}{chapter.18}% 11
\BOOKMARK [0][-]{chapter.21}{\376\377\0002\000\040\000A\000y\000a\000r\000\040\000D\000e\001\037\000i\001\137\000m\000e\000z\000l\000i\001\037\000i}{}% 12
\BOOKMARK [1][-]{section.22}{\376\377\0002\000.\0001\000\040\000K\000u\000a\000n\000t\000u\000m\000\040\000M\000e\000k\000a\000n\000i\001\037\000i\000n\000d\000e\000\040\000A\000y\000a\000r\000\040\000D\000e\001\037\000i\001\137\000m\000e\000z\000l\000i\001\037\000i}{chapter.21}% 13
\BOOKMARK [1][-]{section.34}{\376\377\0002\000.\0002\000\040\000U\000\050\0001\000\051\000\040\000A\000y\000a\000r\000\040\000D\000e\001\037\000i\001\137\000m\000e\000z\000l\000i\001\037\000i}{chapter.21}% 14
\BOOKMARK [1][-]{section.42}{\376\377\0002\000.\0003\000\040\000Y\000a\000n\000g\000-\000M\000i\000l\000l\000s\000\040\000K\000u\000r\000a\000m\001\061\000\050\000S\000U\000\050\0002\000\051\000\040\000A\000y\000a\000r\000\040\000D\000e\001\037\000i\001\137\000m\000e\000z\000l\000i\001\037\000i\000\051}{chapter.21}% 15
\BOOKMARK [0][-]{chapter.64}{\376\377\0003\000\040\000H\000i\000g\000g\000s\000\040\000M\000e\000k\000a\000n\000i\000z\000m\000a\000s\001\061}{}% 16
\BOOKMARK [1][-]{section.65}{\376\377\0003\000.\0001\000\040\000K\000\374\000t\000l\000e\000\040\000T\000e\000r\000i\000m\000i\000\040\000v\000e\000\040\000K\000e\000n\000d\000i\000l\000i\001\037\000i\000n\000d\000e\000n\000\040\000S\000i\000m\000e\000t\000r\000i\000\040\000B\000o\000z\000u\000l\000m\000a\000s\001\061}{chapter.64}% 17
\BOOKMARK [1][-]{section.77}{\376\377\0003\000.\0002\000\040\000G\000l\000o\000b\000a\000l\000\040\000S\000i\000m\000e\000t\000r\000i\000n\000i\000n\000\040\000B\000o\000z\000u\000l\000m\000a\000s\001\061}{chapter.64}% 18
\BOOKMARK [1][-]{section.83}{\376\377\0003\000.\0003\000\040\000A\000b\000e\000l\000y\000a\000n\000\040\000H\000i\000g\000g\000s\000\040\000M\000e\000k\000a\000n\000i\000z\000m\000a\000s\001\061}{chapter.64}% 19
\BOOKMARK [1][-]{section.95}{\376\377\0003\000.\0004\000\040\000S\000t\000a\000n\000d\000a\000r\000t\000\040\000M\000o\000d\000e\000l\000d\000e\000\040\000H\000i\000g\000g\000s\000\040\000M\000e\000k\000a\000n\000i\000z\000m\000a\000s\001\061}{chapter.64}% 20
\BOOKMARK [0][-]{chapter.96}{\376\377\0004\000\040\000S\000t\000a\000n\000d\000a\000r\000t\000\040\000M\000o\000d\000e\000l\000\040\000H\000i\000g\000g\000s\000\040\000B\000o\000z\000o\000n\000u\000n\000u\000n\000\040\000A\000r\000a\001\137\000t\001\061\000r\001\061\000l\000m\000a\000s\001\061}{}% 21
\BOOKMARK [1][-]{section.97}{\376\377\0004\000.\0001\000\040\000H\000i\000g\000g\000s\000\040\000B\000o\000z\000o\000n\000u\000\040\000\326\000z\000e\000l\000l\000i\000k\000l\000e\000r\000i}{chapter.96}% 22
\BOOKMARK [1][-]{section.98}{\376\377\0004\000.\0002\000\040\000H\000i\000g\000g\000s\000\040\000B\000o\000z\000o\000n\000u\000n\000u\000n\000\040\000\334\000r\000e\000t\000i\000m\000i}{chapter.96}% 23
\BOOKMARK [1][-]{section.99}{\376\377\0004\000.\0003\000\040\000H\000i\000g\000g\000s\000\040\000B\000o\000z\000o\000n\000u\000n\000u\000n\000\040\000B\000o\000z\000u\000n\000u\000m\000u}{chapter.96}% 24
\BOOKMARK [0][-]{appendix.100}{\376\377\000A\000\040\000A\000n\000\040\000A\000p\000p\000e\000n\000d\000i\000x}{}% 25
